<?xml version="1.0" encoding="UTF-8"?>
<!-- Generated by org.testng.reporters.JUnitReportReporter -->
<testsuite hostname="DESKTOP-5EVK54D" failures="0" tests="2" name="runner.LoginRunner" time="0.464" errors="0" timestamp="2023-11-28T07:51:11 IST" skipped="0">
  <testcase classname="runner.LoginRunner" name="runScenario" time="0.075"/>
  <system-out/>
  <testcase classname="runner.LoginRunner" name="runScenario" time="0.389"/>
  <system-out/>
</testsuite> <!-- runner.LoginRunner -->
