<?xml version="1.0" encoding="UTF-8"?>
<!-- Generated by org.testng.reporters.JUnitReportReporter -->
<testsuite hostname="DESKTOP-5EVK54D" failures="0" tests="1" name="uiappfeatures.AmazonFailedRunner" time="15.806" errors="0" timestamp="2023-12-06T07:36:19 IST" skipped="0">
  <testcase classname="uiappfeatures.AmazonFailedRunner" name="runScenario" time="15.806"/>
  <system-out/>
</testsuite> <!-- uiappfeatures.AmazonFailedRunner -->
